<?xml version="1.0" encoding="UTF-8" ?>
<testsuite failures="1" time="0.067" errors="0" skipped="0" tests="18" name="br.odb.derelict.test.TotautisSpaceStationTest">
  <properties>
[...]
</properties>
  <testcase time="0.001" classname="br.odb.derelict.test.TotautisSpaceStationTest" name="testToxicity"/>
  <testcase time="0.001" classname="br.odb.derelict.test.TotautisSpaceStationTest" name="testCanMove"/>
  <testcase time="0.001" classname="br.odb.derelict.test.TotautisSpaceStationTest" name="testSpookySound"/>
  <testcase time="0.034" classname="br.odb.derelict.test.TotautisSpaceStationTest" name="testTotautisSpaceStation"/>
  <testcase time="0.001" classname="br.odb.derelict.test.TotautisSpaceStationTest" name="testLevel"/>
  <testcase time="0.002" classname="br.odb.derelict.test.TotautisSpaceStationTest" name="testAddLocation"/>
  <testcase time="0.002" classname="br.odb.derelict.test.TotautisSpaceStationTest" name="testAddCharacter"/>
  <testcase time="0.001" classname="br.odb.derelict.test.TotautisSpaceStationTest" name="testAddNewCharacter"/>
  <testcase time="0.001" classname="br.odb.derelict.test.TotautisSpaceStationTest" name="testAddNewLocation"/>
  <testcase time="0.001" classname="br.odb.derelict.test.TotautisSpaceStationTest" name="testBombDetonation"/>
  <testcase time="0" classname="br.odb.derelict.test.TotautisSpaceStationTest" name="testUsingPlasmaGun"/>
  <testcase time="0.003" classname="br.odb.derelict.test.TotautisSpaceStationTest" name="testBlowtorch"/>
  <testcase time="0.002" classname="br.odb.derelict.test.TotautisSpaceStationTest" name="testShootingPlasmaGun"/>
  <testcase time="0.002" classname="br.odb.derelict.test.TotautisSpaceStationTest" name="testDrop"/>
  <testcase time="0.002" classname="br.odb.derelict.test.TotautisSpaceStationTest" name="testPipesAndMagnets">
    <failure type="java.lang.AssertionError">java.lang.AssertionError
	at org.junit.Assert.fail(Assert.java:92)
	at org.junit.Assert.fail(Assert.java:100)
	at br.odb.derelict.test.TotautisSpaceStationTest.testPipesAndMagnets(TotautisSpaceStationTest.java:721)
	at sun.reflect.NativeMethodAccessorImpl.invoke0(Native Method)
	at sun.reflect.NativeMethodAccessorImpl.invoke(NativeMethodAccessorImpl.java:39)
	at sun.reflect.DelegatingMethodAccessorImpl.invoke(DelegatingMethodAccessorImpl.java:25)
	at java.lang.reflect.Method.invoke(Method.java:597)
	at org.junit.runners.model.FrameworkMethod$1.runReflectiveCall(FrameworkMethod.java:45)
	at org.junit.internal.runners.model.ReflectiveCallable.run(ReflectiveCallable.java:15)
	at org.junit.runners.model.FrameworkMethod.invokeExplosively(FrameworkMethod.java:42)
	at org.junit.internal.runners.statements.InvokeMethod.evaluate(InvokeMethod.java:20)
	at org.junit.internal.runners.statements.RunBefores.evaluate(RunBefores.java:28)
	at org.junit.runners.ParentRunner.runLeaf(ParentRunner.java:263)
	at org.junit.runners.BlockJUnit4ClassRunner.runChild(BlockJUnit4ClassRunner.java:68)
	at org.junit.runners.BlockJUnit4ClassRunner.runChild(BlockJUnit4ClassRunner.java:47)
	at org.junit.runners.ParentRunner$3.run(ParentRunner.java:231)
	at org.junit.runners.ParentRunner$1.schedule(ParentRunner.java:60)
	at org.junit.runners.ParentRunner.runChildren(ParentRunner.java:229)
	at org.junit.runners.ParentRunner.access$000(ParentRunner.java:50)
	at org.junit.runners.ParentRunner$2.evaluate(ParentRunner.java:222)
	at org.junit.runners.ParentRunner.run(ParentRunner.java:300)
	at org.apache.maven.surefire.junit4.JUnit4TestSet.execute(JUnit4TestSet.java:53)
	at org.apache.maven.surefire.junit4.JUnit4Provider.executeTestSet(JUnit4Provider.java:119)
	at org.apache.maven.surefire.junit4.JUnit4Provider.invoke(JUnit4Provider.java:101)
	at sun.reflect.NativeMethodAccessorImpl.invoke0(Native Method)
	at sun.reflect.NativeMethodAccessorImpl.invoke(NativeMethodAccessorImpl.java:39)
	at sun.reflect.DelegatingMethodAccessorImpl.invoke(DelegatingMethodAccessorImpl.java:25)
	at java.lang.reflect.Method.invoke(Method.java:597)
	at org.apache.maven.surefire.booter.ProviderFactory$ClassLoaderProxy.invoke(ProviderFactory.java:103)
	at com.sun.proxy.$Proxy0.invoke(Unknown Source)
	at org.apache.maven.surefire.booter.SurefireStarter.invokeProvider(SurefireStarter.java:150)
	at org.apache.maven.surefire.booter.SurefireStarter.runSuitesInProcess(SurefireStarter.java:91)
	at org.apache.maven.surefire.booter.ForkedBooter.main(ForkedBooter.java:69)
</failure>
  </testcase>
  <testcase time="0.002" classname="br.odb.derelict.test.TotautisSpaceStationTest" name="testPipesAndPellets"/>
  <testcase time="0.001" classname="br.odb.derelict.test.TotautisSpaceStationTest" name="testUpdate"/>
  <testcase time="0.002" classname="br.odb.derelict.test.TotautisSpaceStationTest" name="testOrbitalDecay"/>
</testsuite>